<?xml version="1.0" encoding="UTF-8"?>
<!-- Generated by org.testng.reporters.JUnitXMLReporter -->
<testsuite hostname="DESKTOP-O19JB3S" ignored="0" name="Default test" tests="3" failures="0" timestamp="22 Jul 2021 14:13:01 GMT" time="0.163" errors="0">
  <testcase name="streamCollect" time="0.098" classname="StreamsTUTS.streamTest1"/>
  <testcase name="streamFilter" time="0.01" classname="StreamsTUTS.streamTest1"/>
  <testcase name="streamMap" time="0.015" classname="StreamsTUTS.streamTest1"/>
</testsuite> <!-- Default test -->
