<?xml version="1.0" encoding="UTF-8"?>
<testng-results skipped="0" failed="0" ignored="0" total="3" passed="3">
  <reporter-output>
  </reporter-output>
  <suite name="Default suite" duration-ms="163" started-at="2021-07-22T14:13:01Z" finished-at="2021-07-22T14:13:01Z">
    <groups>
    </groups>
    <test name="Default test" duration-ms="163" started-at="2021-07-22T14:13:01Z" finished-at="2021-07-22T14:13:01Z">
      <class name="StreamsTUTS.streamTest1">
        <test-method status="PASS" signature="streamCollect()[pri:0, instance:StreamsTUTS.streamTest1@cc285f4]" name="streamCollect" duration-ms="98" started-at="2021-07-22T19:43:01Z" finished-at="2021-07-22T19:43:01Z">
          <reporter-output>
          </reporter-output>
        </test-method> <!-- streamCollect -->
        <test-method status="PASS" signature="streamFilter()[pri:0, instance:StreamsTUTS.streamTest1@cc285f4]" name="streamFilter" duration-ms="10" started-at="2021-07-22T19:43:01Z" finished-at="2021-07-22T19:43:01Z">
          <reporter-output>
          </reporter-output>
        </test-method> <!-- streamFilter -->
        <test-method status="PASS" signature="streamMap()[pri:0, instance:StreamsTUTS.streamTest1@cc285f4]" name="streamMap" duration-ms="15" started-at="2021-07-22T19:43:01Z" finished-at="2021-07-22T19:43:01Z">
          <reporter-output>
          </reporter-output>
        </test-method> <!-- streamMap -->
      </class> <!-- StreamsTUTS.streamTest1 -->
    </test> <!-- Default test -->
  </suite> <!-- Default suite -->
</testng-results>
